<?xml version="1.0" encoding="UTF-8"?>
<!-- Generated by org.testng.reporters.JUnitReportReporter -->
<testsuite hostname="MSI" name="com.prasenjit.selenium.BrowserLaunch" tests="2" failures="0" timestamp="28 Sep 2021 05:55:52 GMT" time="0.007" errors="0">
  <testcase name="extendRepot2" time="0.001" classname="com.prasenjit.selenium.BrowserLaunch"/>
  <testcase name="extendRepot1" time="0.006" classname="com.prasenjit.selenium.BrowserLaunch"/>
</testsuite> <!-- com.prasenjit.selenium.BrowserLaunch -->
